2021-06-11 16:59:46.227 [main] INFO . - user input: D:\Program Files\Android\Android Studio\jre\jre\bin\java.exe,-c,-source,@D:\_project\AVPipeline\code\TAG-2021-06-10-2213\huawei-avpipeline-android-cpp-demo\.idea\code-check\originalReport\codemars\report\codemars_fileList1.lst,-checker,DirectCallSystemAssert,SafeFuncDestMaxCheck,SensitiveInfoInString,StringOverflow,ForbidUseSetjmp,RiskyFunction,SetNullAfterFree,CtorDtorMismatch,ForbidCreateThreadInCtor,OperationMayFailInCtor,ReturnPrivateMemberAddr,SelfDefinedSafeFunc,ForbidTryCatch,SafeFuncRedefined,NonAsyncFuncInSignal,UncontrolledMemAlloc,DivideByZero,LogicOperationToPointer,CallingSelfDefinedSafeFunc,IntegerPointerConversion,FormatString,CmdInjection,ImproperUseOfSizeof,UnsafeRand,MultiStatementInAssert,AssertInAPI,VarTobeConst,ForbidUseExitFunc,LengthNeedPass,AssertUsedAtRuntime,DeclareWithoutInit,SafeFuncMisused,DoNotUseExitProcess,SafeFuncCheckedReturn,ForbidReallocAndAlloca,SafeFuncFalsePackaging,FalseDefinedSafeFunc,SideEffectInAssert,SensitiveInfoLeak,NonReentrantFunction,DoNotUseAbort,SelfDefinedRiskyFunc,VarTypeCast,AvoidDefinePublicMember,-output,D:\_project\AVPipeline\code\TAG-2021-06-10-2213\huawei-avpipeline-android-cpp-demo\.idea\code-check\originalReport\codemars\report\codemars1.xml
2021-06-11 16:59:46.227 [main] INFO . - CodeMars Version:2.1.8
2021-06-11 16:59:46.353 [main] INFO . - starting analyzing.
2021-06-11 16:59:46.353 [main] INFO . - start collecting report.
2021-06-11 16:59:46.353 [CodeMars1] INFO . - Command: "C:\Users\w00562782\.hicode\CodeCheck\CodeCheckAgent\uccp-app-1.0.0\tools\CodeMars\engines\SecFinder-C\run_SecFinder-C.bat",--showfile,--check-level=medium,--enable-checker=DirectCallSystemAssert,SafeFuncDestMaxCheck,SensitiveInfoInString,StringOverflow,ForbidUseSetjmp,RiskyFunction,SetNullAfterFree,CtorDtorMismatch,ForbidCreateThreadInCtor,OperationMayFailInCtor,ReturnPrivateMemberAddr,SelfDefinedSafeFunc,ForbidTryCatch,SafeFuncRedefined,NonAsyncFuncInSignal,UncontrolledMemAlloc,DivideByZero,LogicOperationToPointer,CallingSelfDefinedSafeFunc,IntegerPointerConversion,FormatString,CmdInjection,ImproperUseOfSizeof,UnsafeRand,MultiStatementInAssert,AssertInAPI,VarTobeConst,ForbidUseExitFunc,LengthNeedPass,AssertUsedAtRuntime,DeclareWithoutInit,SafeFuncMisused,DoNotUseExitProcess,SafeFuncCheckedReturn,ForbidReallocAndAlloca,SafeFuncFalsePackaging,FalseDefinedSafeFunc,SideEffectInAssert,SensitiveInfoLeak,NonReentrantFunction,DoNotUseAbort,SelfDefinedRiskyFunc,VarTypeCast,AvoidDefinePublicMember,--file-list=D:\_project\AVPipeline\code\TAG-2021-06-10-2213\huawei-avpipeline-android-cpp-demo\.idea\code-check\originalReport\codemars\report\SecFinder-C_filelist_2021_06_11_16_59_46_353_20.txt,--report-file=D:\_project\AVPipeline\code\TAG-2021-06-10-2213\huawei-avpipeline-android-cpp-demo\.idea\code-check\originalReport\codemars\report\\SecFinder-C_errorreport_2021_06_11_16_59_46_149_61.xml,--autoFix=false
2021-06-11 16:59:46.478 [Thread-1] INFO . - SecFinder-C Version:1.1.4.B002
2021-06-11 16:59:46.478 [Thread-1] INFO . - **** Load checker library HwCheckers.dll successfully!
2021-06-11 16:59:46.494 [Thread-1] INFO . - **** Loaded model file:
2021-06-11 16:59:46.494 [Thread-1] INFO . - |-builtIn.xml
2021-06-11 16:59:46.510 [Thread-1] INFO . - |-builtIn_UEFI.xml
2021-06-11 16:59:46.510 [Thread-1] INFO . - |-builtIn_encrypt.xml
2021-06-11 16:59:46.510 [Thread-1] INFO . - |-builtIn_fix.xml
2021-06-11 16:59:46.510 [Thread-1] INFO . - |-builtIn_review.xml
2021-06-11 16:59:46.525 [Thread-1] INFO . - |-settings.xml
2021-06-11 16:59:46.535 [Thread-1] INFO . - **** Open pre-check by checkers...
2021-06-11 16:59:46.535 [Thread-1] INFO . - **** Enabled checker: 
2021-06-11 16:59:46.535 [Thread-1] INFO . - AssertInAPI,AssertUsedAtRuntime,AvoidDefinePublicMember,CallingSelfDefinedSafeFunc,CmdInjection,CtorDtorMismatch,DeclareWithoutInit,DirectCallSystemAssert,DivideByZero,DoNotUseAbort,DoNotUseExitProcess,FalseDefinedSafeFunc,ForbidCreateThreadInCtor,ForbidReallocAndAlloca,ForbidTryCatch,ForbidUseExitFunc,ForbidUseSetjmp,FormatString,ImproperUseOfSizeof,IntegerPointerConversion,LengthNeedPass,LogicOperationToPointer,MultiStatementInAssert,NonAsyncFuncInSignal,NonReentrantFunction,OperationMayFailInCtor,ReturnPrivateMemberAddr,RiskyFunction,SafeFuncCheckedReturn,SafeFuncDestMaxCheck,SafeFuncFalsePackaging,SafeFuncMisused,SafeFuncRedefined,SelfDefinedRiskyFunc,SelfDefinedSafeFunc,SensitiveInfoInString,SensitiveInfoLeak,SetNullAfterFree,SideEffectInAssert,StringOverflow,UncontrolledMemAlloc,UnsafeRand,VarTobeConst,VarTypeCast
2021-06-11 16:59:46.536 [Thread-1] INFO . - ** Total enabled number:44
2021-06-11 16:59:46.536 [Thread-1] INFO . - **** Running threads number:11
2021-06-11 16:59:46.536 [Thread-1] INFO . - ****************************
2021-06-11 16:59:46.536 [Thread-1] INFO . - SecFinder-C start to analyze...
2021-06-11 16:59:46.536 [Thread-1] INFO . - Total number of files:1, total lines:120
2021-06-11 16:59:46.536 [Thread-1] INFO . - ** Pre-check Start **
2021-06-11 16:59:46.573 [Thread-1] INFO . - Pre-check: 1/1 files done 
2021-06-11 16:59:46.576 [Thread-1] INFO . - ** Pre-check End **
2021-06-11 16:59:46.576 [Thread-1] INFO . - ** Pre-check collected info:
2021-06-11 16:59:46.576 [Thread-1] INFO . -     Function count : 1
2021-06-11 16:59:46.576 [Thread-1] INFO . -     Signal Function count : 0
2021-06-11 16:59:46.576 [Thread-1] INFO . - **** Actual Check Start ****
2021-06-11 16:59:46.582 [Thread-1] INFO . - Checking native-lib.cpp [120]
2021-06-11 16:59:46.621 [Thread-1] INFO . - SecFinder-C Output:      progress : 100%
2021-06-11 16:59:46.621 [Thread-1] INFO . - 1/1 files checked 
2021-06-11 16:59:46.621 [Thread-1] INFO . - **** Actual Check End ****
2021-06-11 16:59:46.621 [Thread-1] INFO . - ----------------------------
2021-06-11 16:59:46.621 [Thread-1] INFO . - Analysis result:
2021-06-11 16:59:46.621 [Thread-1] INFO . -     files analyzed     : 1
2021-06-11 16:59:46.621 [Thread-1] INFO . -     lines analyzed     : 120
2021-06-11 16:59:46.621 [Thread-1] INFO . -     time cost(sec)     : 0
2021-06-11 16:59:46.621 [Thread-1] INFO . -     defects found      : 0
2021-06-11 16:59:46.621 [Thread-1] INFO . - 
2021-06-11 16:59:46.621 [CodeMars1] INFO . - start parse errorreport xml : SecFinder-C_errorreport_2021_06_11_16_59_46_149_61.xml
2021-06-11 16:59:46.636 [CodeMars1] INFO . - parse xml time : 15
2021-06-11 16:59:46.636 [CodeMars1] INFO . - end parse errorreport xml
2021-06-11 16:59:46.636 [main] INFO . - end collecting report.
2021-06-11 16:59:46.636 [main] INFO . - end analyzing.
